{
  "RSpec": {
    "coverage": {
      "/Users/tigo/Turing/1Module/projects/black_thursday/spec/merchant_spec.rb": {
        "lines": [
          1,
          null,
          1,
          1,
          1,
          1,
          null,
          null,
          null,
          1,
          1,
          null,
          1,
          null,
          null,
          1,
          1,
          null,
          1,
          null,
          null
        ]
      },
      "/Users/tigo/Turing/1Module/projects/black_thursday/lib/merchant.rb": {
        "lines": [
          1,
          1,
          1,
          null,
          1,
          4754,
          4754,
          null,
          null,
          null
        ]
      },
      "/Users/tigo/Turing/1Module/projects/black_thursday/spec/merchant_repository_spec.rb": {
        "lines": [
          1,
          1,
          null,
          1,
          1,
          1,
          1,
          null,
          null,
          1,
          1,
          1,
          null,
          null,
          1,
          1,
          1,
          1,
          null,
          null,
          1,
          1,
          1,
          1,
          1,
          null,
          null,
          null,
          null,
          null,
          null,
          null,
          null,
          null,
          null,
          null,
          null,
          null,
          null,
          null,
          null,
          null,
          null,
          null,
          null,
          null,
          null,
          null,
          null,
          null,
          null,
          null,
          null,
          null,
          null,
          1,
          1,
          1,
          1,
          1,
          null,
          null,
          1,
          1,
          1,
          1,
          1,
          1,
          null,
          null,
          1,
          1,
          1,
          1,
          1,
          null,
          null,
          null
        ]
      },
      "/Users/tigo/Turing/1Module/projects/black_thursday/lib/merchant_repository.rb": {
        "lines": [
          1,
          1,
          1,
          1,
          1,
          10,
          10,
          null,
          10,
          4750,
          null,
          null,
          null,
          null,
          null,
          1,
          9,
          1431,
          null,
          null,
          null,
          1,
          4,
          952,
          null,
          null,
          null,
          1,
          0,
          0,
          null,
          null,
          null,
          1,
          1,
          1,
          1,
          1,
          null,
          null,
          1,
          1,
          1,
          null,
          null,
          1,
          1,
          1,
          null,
          null,
          null
        ]
      },
      "/Users/tigo/Turing/1Module/projects/black_thursday/spec/item_spec.rb": {
        "lines": [
          1,
          1,
          1,
          null,
          1,
          null,
          1,
          1,
          null,
          null,
          null,
          null,
          null,
          null,
          null,
          null,
          null,
          1,
          null,
          null,
          1,
          1,
          null,
          null,
          null,
          null,
          null,
          null,
          null,
          null,
          null,
          1,
          null,
          null,
          1,
          1,
          null,
          null,
          null,
          null,
          null,
          null,
          null,
          null,
          null,
          1,
          null,
          null,
          1,
          1,
          null,
          null,
          null,
          null,
          null,
          null,
          null,
          null,
          null,
          1,
          null,
          null,
          1,
          1,
          null,
          null,
          null,
          null,
          null,
          null,
          null,
          null,
          null,
          1,
          null,
          null,
          1,
          1,
          null,
          null,
          null,
          null,
          null,
          null,
          null,
          null,
          null,
          1,
          null,
          null,
          1,
          1,
          null,
          null,
          null,
          null,
          null,
          null,
          null,
          null,
          null,
          1,
          null,
          null,
          1,
          1,
          null,
          null,
          null,
          null,
          null,
          null,
          null,
          null,
          null,
          1,
          null,
          null,
          null,
          null
        ]
      },
      "/Users/tigo/Turing/1Module/projects/black_thursday/lib/item.rb": {
        "lines": [
          1,
          null,
          1,
          1,
          null,
          null,
          null,
          1,
          null,
          null,
          null,
          null,
          1,
          17780,
          17780,
          17780,
          17780,
          17780,
          17780,
          17780,
          null,
          null,
          1,
          0,
          null,
          null,
          null
        ]
      },
      "/Users/tigo/Turing/1Module/projects/black_thursday/spec/item_repository_spec.rb": {
        "lines": [
          1,
          1,
          1,
          1,
          null,
          1,
          1,
          1,
          1,
          null,
          null,
          1,
          1,
          1,
          null,
          null,
          1,
          1,
          1,
          1,
          null,
          null,
          1,
          1,
          1,
          1,
          1,
          null,
          null,
          1,
          1,
          1,
          1,
          null,
          null,
          1,
          1,
          null,
          null,
          1,
          1,
          1,
          1,
          1,
          null,
          null,
          1,
          1,
          1,
          1,
          null,
          null,
          1,
          1,
          1,
          1,
          1,
          1,
          null,
          null,
          1,
          1,
          1,
          null,
          1,
          1,
          1,
          1,
          1,
          1,
          null,
          null,
          1,
          1,
          1,
          1,
          1,
          1,
          1,
          1,
          1,
          1,
          1,
          null,
          null,
          1,
          1,
          1,
          1,
          1,
          null,
          null
        ]
      },
      "/Users/tigo/Turing/1Module/projects/black_thursday/lib/item_repository.rb": {
        "lines": [
          1,
          1,
          1,
          null,
          1,
          1,
          1,
          13,
          13,
          null,
          13,
          17771,
          null,
          null,
          null,
          null,
          null,
          null,
          null,
          null,
          null,
          null,
          1,
          14,
          17810,
          null,
          null,
          null,
          1,
          3,
          1375,
          null,
          null,
          null,
          1,
          4,
          5468,
          null,
          null,
          null,
          1,
          3,
          4101,
          null,
          null,
          null,
          1,
          2,
          2734,
          null,
          null,
          null,
          1,
          2739,
          3744213,
          null,
          null,
          null,
          1,
          1,
          1,
          1,
          null,
          1,
          null,
          null,
          1,
          1,
          1,
          1,
          1,
          1,
          null,
          null,
          1,
          1,
          1,
          null,
          null
        ]
      },
      "/Users/tigo/Turing/1Module/projects/black_thursday/spec/invoice_spec.rb": {
        "lines": [
          1,
          1,
          1,
          1,
          null,
          1,
          null,
          1,
          1,
          null,
          null,
          null,
          null,
          null,
          null,
          null,
          1,
          null,
          null,
          1,
          1,
          null,
          null,
          null,
          null,
          null,
          null,
          null,
          1,
          null,
          null,
          1,
          1,
          null,
          null,
          null,
          null,
          null,
          null,
          null,
          1,
          null,
          null,
          1,
          1,
          null,
          null,
          null,
          null,
          null,
          null,
          null,
          1,
          null,
          null,
          1,
          1,
          null,
          null,
          null,
          null,
          null,
          null,
          null,
          1,
          null,
          null,
          1,
          1,
          null,
          null,
          null,
          null,
          null,
          null,
          null,
          1,
          1,
          null,
          null
        ]
      },
      "/Users/tigo/Turing/1Module/projects/black_thursday/lib/invoice.rb": {
        "lines": [
          1,
          null,
          1,
          null,
          null,
          null,
          null,
          1,
          null,
          null,
          1,
          54843,
          54843,
          54843,
          54843,
          54843,
          54843,
          null,
          null
        ]
      },
      "/Users/tigo/Turing/1Module/projects/black_thursday/spec/invoice_repository_spec.rb": {
        "lines": [
          1,
          1,
          1,
          1,
          1,
          1,
          null,
          1,
          null,
          1,
          1,
          1,
          null,
          null,
          1,
          1,
          1,
          null,
          null,
          1,
          1,
          1,
          1,
          null,
          null,
          1,
          1,
          1,
          1,
          1,
          null,
          null,
          1,
          1,
          1,
          1,
          1,
          null,
          null,
          1,
          1,
          1,
          1,
          1,
          1,
          null,
          null,
          1,
          1,
          1,
          null,
          1,
          1,
          1,
          1,
          null,
          null,
          1,
          1,
          1,
          null,
          1,
          null,
          1,
          1,
          1,
          null,
          1,
          1,
          null,
          1,
          1,
          1,
          1,
          null,
          null,
          1,
          1,
          1,
          1,
          1,
          null,
          null,
          null
        ]
      },
      "/Users/tigo/Turing/1Module/projects/black_thursday/lib/invoice_repository.rb": {
        "lines": [
          1,
          1,
          1,
          1,
          1,
          null,
          1,
          11,
          11,
          null,
          11,
          54835,
          null,
          null,
          null,
          null,
          null,
          null,
          null,
          null,
          null,
          1,
          13,
          59828,
          null,
          null,
          null,
          1,
          3,
          14955,
          null,
          null,
          null,
          1,
          4,
          19941,
          null,
          null,
          null,
          1,
          4,
          19940,
          null,
          null,
          null,
          1,
          2,
          2,
          2,
          null,
          2,
          null,
          null,
          1,
          1,
          1,
          1,
          null,
          null,
          1,
          1,
          1,
          null,
          null
        ]
      },
      "/Users/tigo/Turing/1Module/projects/black_thursday/spec/invoice_item_spec.rb": {
        "lines": [
          1,
          1,
          1,
          null,
          1,
          null,
          null,
          1,
          1,
          null,
          null,
          null,
          null,
          null,
          null,
          null,
          1,
          1,
          null,
          null,
          1,
          1,
          null,
          null,
          null,
          null,
          null,
          null,
          null,
          1,
          1,
          1,
          1,
          1,
          1,
          null,
          null,
          1,
          1,
          null,
          null,
          null,
          null,
          null,
          null,
          null,
          1,
          1,
          null,
          null
        ]
      },
      "/Users/tigo/Turing/1Module/projects/black_thursday/lib/invoice_item.rb": {
        "lines": [
          1,
          1,
          null,
          null,
          null,
          null,
          null,
          1,
          null,
          null,
          null,
          1,
          null,
          240134,
          240134,
          240134,
          240134,
          240134,
          240134,
          240134,
          null,
          null,
          1,
          11,
          null,
          null,
          null,
          null
        ]
      },
      "/Users/tigo/Turing/1Module/projects/black_thursday/spec/invoice_item_repository_spec.rb": {
        "lines": [
          1,
          1,
          1,
          null,
          null,
          1,
          1,
          1,
          1,
          1,
          null,
          null,
          1,
          1,
          1,
          1,
          null,
          null,
          1,
          1,
          1,
          1,
          null,
          null,
          1,
          1,
          1,
          null,
          1,
          1,
          null,
          null,
          1,
          1,
          1,
          null,
          1,
          1,
          null,
          null,
          1,
          1,
          1,
          null,
          1,
          1,
          1,
          null,
          null,
          1,
          1,
          1,
          1,
          null,
          null,
          1,
          null,
          1,
          1,
          1,
          1,
          1,
          1,
          1,
          null,
          null,
          1,
          1,
          1,
          null,
          1,
          1,
          null,
          1,
          1,
          null,
          1,
          1,
          1,
          null,
          null,
          null,
          1,
          1,
          1,
          null,
          1,
          1,
          1,
          null,
          null,
          null
        ]
      },
      "/Users/tigo/Turing/1Module/projects/black_thursday/lib/invoice_item_repository.rb": {
        "lines": [
          1,
          1,
          1,
          null,
          1,
          1,
          1,
          11,
          11,
          null,
          11,
          240130,
          null,
          null,
          null,
          null,
          null,
          null,
          null,
          null,
          null,
          null,
          null,
          null,
          null,
          1,
          12,
          65571,
          null,
          null,
          null,
          1,
          2,
          43660,
          null,
          null,
          null,
          1,
          4,
          87320,
          null,
          null,
          null,
          1,
          1,
          1,
          1,
          null,
          1,
          null,
          null,
          null,
          1,
          1,
          1,
          1,
          1,
          null,
          null,
          1,
          1,
          1,
          null,
          null,
          null,
          null
        ]
      },
      "/Users/tigo/Turing/1Module/projects/black_thursday/spec/sales_engine_spec.rb": {
        "lines": [
          1,
          1,
          1,
          1,
          1,
          1,
          1,
          1,
          null,
          1,
          null,
          1,
          null,
          null,
          null,
          null,
          null,
          null,
          null,
          null,
          1,
          1,
          null,
          null,
          1,
          1,
          null,
          null,
          1,
          1,
          null,
          null,
          1,
          1,
          null,
          null
        ]
      },
      "/Users/tigo/Turing/1Module/projects/black_thursday/lib/sales_engine.rb": {
        "lines": [
          1,
          1,
          null,
          null,
          null,
          null,
          null,
          null,
          null,
          1,
          2,
          2,
          2,
          2,
          2,
          2,
          2,
          null,
          null,
          1,
          2,
          null,
          null,
          null
        ]
      },
      "/Users/tigo/Turing/1Module/projects/black_thursday/lib/transaction_repository.rb": {
        "lines": [
          1,
          1,
          1,
          1,
          1,
          11,
          11,
          null,
          11,
          54835,
          null,
          null,
          null,
          null,
          null,
          null,
          null,
          null,
          null,
          1,
          15,
          12161,
          null,
          null,
          null,
          1,
          3,
          14955,
          null,
          null,
          null,
          1,
          2,
          9970,
          null,
          null,
          null,
          1,
          2,
          9970,
          null,
          null,
          null,
          1,
          1,
          1,
          1,
          null,
          null,
          null,
          null,
          null,
          null,
          null,
          1,
          null,
          null,
          1,
          1,
          1,
          1,
          1,
          1,
          null,
          null,
          1,
          1,
          1,
          null,
          null
        ]
      },
      "/Users/tigo/Turing/1Module/projects/black_thursday/lib/transaction.rb": {
        "lines": [
          1,
          1,
          null,
          null,
          null,
          1,
          null,
          null,
          null,
          null,
          1,
          54838,
          54838,
          54838,
          54838,
          54838,
          54838,
          54838,
          null,
          null
        ]
      },
      "/Users/tigo/Turing/1Module/projects/black_thursday/lib/customer_repository.rb": {
        "lines": [
          1,
          1,
          1,
          1,
          1,
          10,
          10,
          null,
          10,
          10000,
          null,
          null,
          null,
          null,
          null,
          null,
          null,
          null,
          null,
          1,
          7,
          6793,
          null,
          null,
          null,
          1,
          2,
          2000,
          null,
          null,
          null,
          1,
          2,
          2000,
          null,
          null,
          null,
          1,
          1,
          1,
          1,
          null,
          null,
          null,
          null,
          null,
          null,
          1,
          null,
          null,
          1,
          1,
          1,
          1,
          1,
          1,
          null,
          null,
          1,
          1,
          1,
          null,
          null
        ]
      },
      "/Users/tigo/Turing/1Module/projects/black_thursday/lib/customer.rb": {
        "lines": [
          1,
          1,
          1,
          1,
          10007,
          10007,
          10007,
          10007,
          10007,
          null,
          null
        ]
      },
      "/Users/tigo/Turing/1Module/projects/black_thursday/lib/sales_analyst.rb": {
        "lines": [
          1,
          1,
          1,
          1,
          1,
          1,
          1,
          null,
          1,
          1,
          1,
          null,
          1,
          1,
          1,
          2,
          2,
          2,
          2,
          2,
          2,
          null,
          null,
          1,
          6,
          6,
          null,
          null,
          1,
          5,
          6840,
          5,
          6835,
          null,
          5,
          null,
          null,
          1,
          3,
          3,
          1428,
          3,
          3,
          null,
          null,
          1,
          2,
          2,
          2,
          2,
          950,
          null,
          2,
          null,
          null,
          1,
          2736,
          2736,
          17958,
          null,
          2736,
          null,
          null,
          1,
          2,
          2736,
          2,
          2734,
          null,
          2,
          null,
          null,
          1,
          1133000,
          2401,
          2401,
          null,
          null,
          1,
          1368,
          1,
          1,
          1,
          1,
          1368,
          null,
          null,
          1,
          4754,
          null,
          null,
          1,
          2377,
          2377,
          2377,
          null,
          null,
          1,
          2383,
          11881638,
          2383,
          11879255,
          null,
          2383,
          null,
          null,
          1,
          2376,
          2376,
          2376,
          2376,
          null,
          null,
          1,
          5,
          5,
          2375,
          null,
          5,
          null,
          null,
          1,
          1,
          1,
          475,
          null,
          1,
          null,
          null,
          1,
          1,
          1,
          475,
          null,
          1,
          null,
          null,
          1,
          1,
          1,
          7,
          null,
          1,
          null,
          null,
          1,
          568291,
          568291,
          568291,
          568291,
          null,
          null,
          1,
          114,
          568404,
          114,
          568290,
          null,
          114,
          null,
          null,
          1,
          44,
          null,
          null,
          1,
          22,
          22,
          22,
          null,
          null,
          1,
          3,
          3,
          21,
          null,
          3,
          null,
          null,
          1,
          21,
          21,
          21,
          21,
          null,
          null,
          1,
          3,
          3,
          null,
          null,
          1,
          6,
          6,
          29910,
          null,
          6,
          null,
          null,
          1,
          6,
          6,
          29910,
          null,
          6,
          null,
          null,
          1,
          1,
          1,
          1,
          null,
          0,
          null,
          null,
          null,
          1,
          1,
          1,
          1,
          8,
          null,
          1,
          null,
          null,
          1,
          2,
          2,
          43660,
          null,
          2,
          2,
          null,
          2,
          null,
          null,
          1,
          1,
          null,
          null,
          null,
          null,
          null,
          1,
          null,
          1,
          1,
          null,
          4985,
          0,
          null,
          null,
          null,
          1,
          null,
          null,
          null
        ]
      },
      "/Users/tigo/Turing/1Module/projects/black_thursday/spec/sales_analyst_spec.rb": {
        "lines": [
          1,
          1,
          1,
          1,
          1,
          1,
          1,
          1,
          null,
          1,
          null,
          1,
          null,
          null,
          null,
          null,
          null,
          null,
          null,
          1,
          null,
          1,
          1,
          null,
          null,
          1,
          1,
          null,
          null,
          1,
          1,
          null,
          null,
          1,
          1,
          null,
          1,
          null,
          null,
          1,
          1,
          1,
          null,
          null,
          1,
          1,
          1,
          null,
          null,
          1,
          1,
          null,
          null,
          1,
          1,
          null,
          null,
          1,
          1,
          null,
          null,
          1,
          1,
          null,
          null,
          1,
          1,
          null,
          null,
          1,
          1,
          1,
          1,
          null,
          null,
          1,
          1,
          null,
          null,
          1,
          1,
          null,
          null,
          1,
          1,
          null,
          null,
          1,
          1,
          null,
          null,
          1,
          1,
          null,
          null,
          1,
          1,
          null,
          null,
          1,
          1,
          null,
          null,
          1,
          1,
          1,
          null,
          null,
          1,
          1,
          1,
          1,
          null,
          null,
          1,
          1,
          null,
          null,
          1,
          1,
          null,
          null,
          1,
          1,
          1,
          null,
          null,
          1,
          1,
          1,
          0,
          null,
          null,
          null
        ]
      },
      "/Users/tigo/Turing/1Module/projects/black_thursday/spec/customer_spec.rb": {
        "lines": [
          1,
          1,
          null,
          1,
          null,
          1,
          1,
          null,
          null,
          null,
          null,
          null,
          null,
          null,
          1,
          null,
          null,
          1,
          1,
          null,
          null,
          null,
          null,
          null,
          null,
          null,
          1,
          null,
          null,
          null,
          1,
          1,
          null,
          null,
          null,
          null,
          null,
          null,
          null,
          1,
          null,
          null,
          1,
          1,
          null,
          null,
          null,
          null,
          null,
          null,
          null,
          1,
          null,
          null,
          null,
          1,
          1,
          null,
          null,
          null,
          null,
          null,
          null,
          null,
          1,
          null,
          null,
          1,
          1,
          null,
          null,
          null,
          null,
          null,
          null,
          null,
          1,
          null,
          null
        ]
      },
      "/Users/tigo/Turing/1Module/projects/black_thursday/spec/customer_repository_spec.rb": {
        "lines": [
          1,
          1,
          1,
          1,
          1,
          null,
          1,
          1,
          1,
          1,
          1,
          null,
          null,
          1,
          1,
          1,
          null,
          1,
          null,
          null,
          1,
          1,
          1,
          null,
          1,
          1,
          null,
          null,
          1,
          1,
          1,
          null,
          1,
          1,
          null,
          null,
          1,
          1,
          1,
          null,
          1,
          1,
          null,
          null,
          1,
          1,
          1,
          null,
          1,
          1,
          null,
          null,
          1,
          1,
          1,
          null,
          1,
          1,
          null,
          null,
          1,
          1,
          1,
          null,
          1,
          1,
          1,
          null,
          null
        ]
      },
      "/Users/tigo/Turing/1Module/projects/black_thursday/spec/transaction_spec.rb": {
        "lines": [
          1,
          1,
          1,
          null,
          1,
          null,
          1,
          1,
          null,
          null,
          null,
          null,
          null,
          1,
          1,
          null,
          null,
          1,
          1,
          null,
          null,
          null,
          null,
          null,
          null,
          1,
          1,
          1,
          1,
          1,
          1,
          null,
          null
        ]
      },
      "/Users/tigo/Turing/1Module/projects/black_thursday/spec/transaction_repository_spec.rb": {
        "lines": [
          1,
          1,
          1,
          1,
          1,
          1,
          1,
          1,
          1,
          null,
          1,
          null,
          1,
          1,
          null,
          1,
          null,
          null,
          1,
          1,
          null,
          1,
          null,
          null,
          1,
          1,
          null,
          1,
          null,
          null,
          1,
          1,
          null,
          1,
          1,
          1,
          null,
          null,
          1,
          1,
          null,
          1,
          1,
          null,
          null,
          1,
          1,
          null,
          1,
          1,
          null,
          null,
          null,
          1,
          1,
          1,
          null,
          null,
          null,
          null,
          null,
          null,
          1,
          1,
          1,
          1,
          1,
          null,
          null,
          null,
          1,
          1,
          null,
          1,
          1,
          1,
          1,
          null,
          1,
          null,
          null,
          null,
          null,
          null,
          1,
          1,
          1,
          1,
          null,
          null,
          null,
          null,
          1,
          1,
          null,
          1,
          null,
          1,
          null,
          1,
          null,
          null
        ]
      }
    },
    "timestamp": 1654717309
  }
}
