{
  "RSpec": {
    "coverage": {
      "/Users/tigo/Turing/1Module/projects/black_thursday/spec/merchant_spec.rb": {
        "lines": [
          1,
          null,
          1,
          1,
          null,
          1,
          1,
          null,
          null,
          1,
          1,
          null,
          null,
          1,
          1,
          null,
          null
        ]
      },
      "/Users/tigo/Turing/1Module/projects/black_thursday/lib/merchant.rb": {
        "lines": [
          1,
          1,
          null,
          null,
          1,
          null,
          1,
          1902,
          1902,
          1902,
          null,
          null
        ]
      },
      "/Users/tigo/Turing/1Module/projects/black_thursday/spec/merchant_repository_spec.rb": {
        "lines": [
          1,
          1,
          null,
          1,
          1,
          null,
          1,
          1,
          null,
          null,
          1,
          1,
          null,
          null,
          1,
          1,
          1,
          null,
          null,
          1,
          1,
          1,
          1,
          null,
          null,
          1,
          1,
          1,
          1,
          null,
          null,
          1,
          null,
          1,
          1,
          1,
          null,
          null,
          1,
          1,
          1,
          1,
          null,
          1,
          0,
          0,
          null,
          1,
          null,
          null,
          1,
          1,
          1,
          1,
          null,
          null,
          1,
          1,
          1,
          1,
          1,
          null,
          null,
          1,
          1,
          1,
          1,
          null,
          null
        ]
      },
      "/Users/tigo/Turing/1Module/projects/black_thursday/lib/merchant_repository.rb": {
        "lines": [
          1,
          1,
          1,
          null,
          1,
          1,
          null,
          1,
          null,
          1,
          4,
          4,
          4,
          null,
          null,
          1,
          9,
          1432,
          null,
          null,
          null,
          1,
          4,
          953,
          null,
          null,
          null,
          1,
          9,
          4275,
          null,
          null,
          null,
          1,
          1,
          1,
          1,
          1,
          null,
          null,
          1,
          1,
          1,
          null,
          null,
          1,
          null,
          1,
          4,
          1900,
          null,
          null,
          null
        ]
      },
      "/Users/tigo/Turing/1Module/projects/black_thursday/lib/deletable.rb": {
        "lines": [
          1,
          1,
          2,
          2,
          null,
          null
        ]
      },
      "/Users/tigo/Turing/1Module/projects/black_thursday/spec/item_spec.rb": {
        "lines": [
          1,
          1,
          1,
          null,
          1,
          1,
          null,
          null,
          null,
          null,
          null,
          null,
          null,
          null,
          null,
          1,
          1,
          null,
          null,
          1,
          1,
          null,
          null,
          1,
          1,
          null,
          null,
          1,
          1,
          null,
          null,
          1,
          1,
          null,
          null,
          1,
          1,
          null,
          null,
          1,
          1,
          null,
          null,
          1,
          1,
          null,
          null
        ]
      },
      "/Users/tigo/Turing/1Module/projects/black_thursday/lib/item.rb": {
        "lines": [
          1,
          1,
          1,
          null,
          null,
          null,
          1,
          null,
          null,
          null,
          null,
          1,
          4103,
          4103,
          4103,
          4103,
          4103,
          4103,
          4103,
          null,
          null,
          1,
          0,
          null,
          null
        ]
      },
      "/Users/tigo/Turing/1Module/projects/black_thursday/spec/item_repository_spec.rb": {
        "lines": [
          1,
          1,
          1,
          1,
          null,
          1,
          1,
          null,
          1,
          1,
          null,
          null,
          1,
          1,
          null,
          null,
          1,
          1,
          1,
          null,
          null,
          1,
          1,
          1,
          1,
          null,
          null,
          1,
          1,
          1,
          1,
          1,
          null,
          null,
          1,
          1,
          1,
          1,
          null,
          null,
          1,
          1,
          1,
          null,
          null,
          1,
          1,
          1,
          1,
          1,
          null,
          null,
          1,
          1,
          null,
          1,
          null,
          1,
          1,
          1,
          1,
          1,
          null,
          null,
          1,
          1,
          1,
          1,
          null,
          1,
          1,
          null,
          1,
          1,
          1,
          1,
          null,
          null,
          1,
          1,
          1,
          1,
          null,
          null
        ]
      },
      "/Users/tigo/Turing/1Module/projects/black_thursday/lib/item_repository.rb": {
        "lines": [
          1,
          1,
          1,
          1,
          null,
          1,
          1,
          null,
          1,
          null,
          1,
          3,
          3,
          3,
          null,
          null,
          1,
          14,
          17811,
          null,
          null,
          null,
          1,
          3,
          1375,
          null,
          null,
          null,
          1,
          4,
          5468,
          null,
          null,
          null,
          1,
          3,
          4101,
          null,
          null,
          null,
          1,
          2,
          2734,
          null,
          null,
          null,
          1,
          2740,
          3745580,
          null,
          null,
          null,
          1,
          1,
          1,
          1,
          null,
          null,
          null,
          null,
          null,
          null,
          1,
          null,
          null,
          1,
          1,
          1,
          1,
          1,
          1,
          null,
          null,
          1,
          1,
          1,
          null,
          null,
          1,
          null,
          1,
          3,
          4101,
          null,
          null,
          null,
          null,
          null,
          null,
          null,
          null,
          null,
          null
        ]
      },
      "/Users/tigo/Turing/1Module/projects/black_thursday/spec/invoice_spec.rb": {
        "lines": [
          1,
          1,
          1,
          1,
          null,
          1,
          1,
          null,
          null,
          null,
          null,
          null,
          null,
          null,
          1,
          1,
          null,
          null,
          1,
          1,
          null,
          null,
          1,
          1,
          null,
          null,
          1,
          1,
          null,
          null,
          1,
          1,
          null,
          null,
          1,
          1,
          1,
          null,
          null
        ]
      },
      "/Users/tigo/Turing/1Module/projects/black_thursday/lib/invoice.rb": {
        "lines": [
          1,
          null,
          1,
          null,
          null,
          null,
          null,
          1,
          null,
          null,
          1,
          14958,
          14958,
          14958,
          14958,
          14958,
          14958,
          null,
          null
        ]
      },
      "/Users/tigo/Turing/1Module/projects/black_thursday/spec/invoice_repository_spec.rb": {
        "lines": [
          1,
          1,
          1,
          1,
          1,
          1,
          null,
          1,
          1,
          null,
          1,
          1,
          null,
          null,
          1,
          1,
          null,
          null,
          1,
          null,
          1,
          1,
          null,
          null,
          1,
          1,
          1,
          1,
          null,
          null,
          1,
          1,
          1,
          1,
          null,
          null,
          1,
          1,
          1,
          1,
          1,
          null,
          null,
          1,
          1,
          null,
          1,
          null,
          1,
          1,
          1,
          null,
          null,
          1,
          1,
          null,
          1,
          null,
          1,
          1,
          1,
          null,
          1,
          1,
          null,
          1,
          1,
          1,
          1,
          null,
          null,
          1,
          1,
          1,
          1,
          null,
          null
        ]
      },
      "/Users/tigo/Turing/1Module/projects/black_thursday/lib/invoice_repository.rb": {
        "lines": [
          1,
          1,
          1,
          1,
          null,
          1,
          1,
          null,
          1,
          null,
          1,
          3,
          3,
          3,
          null,
          null,
          1,
          13,
          59830,
          null,
          null,
          null,
          1,
          3,
          14955,
          null,
          null,
          null,
          1,
          7,
          34896,
          null,
          null,
          null,
          1,
          4,
          19940,
          null,
          null,
          null,
          1,
          2,
          2,
          2,
          null,
          2,
          null,
          null,
          1,
          1,
          1,
          1,
          null,
          null,
          1,
          1,
          1,
          null,
          null,
          1,
          null,
          1,
          3,
          14955,
          null,
          null,
          null,
          null,
          null,
          null,
          null,
          null,
          null,
          null
        ]
      },
      "/Users/tigo/Turing/1Module/projects/black_thursday/spec/invoice_item_spec.rb": {
        "lines": [
          1,
          1,
          1,
          null,
          1,
          1,
          null,
          null,
          null,
          null,
          null,
          null,
          null,
          1,
          null,
          1,
          1,
          null,
          null,
          1,
          1,
          1,
          1,
          1,
          1,
          null,
          null,
          1,
          1,
          null,
          null
        ]
      },
      "/Users/tigo/Turing/1Module/projects/black_thursday/lib/invoice_item.rb": {
        "lines": [
          1,
          1,
          null,
          null,
          null,
          null,
          null,
          1,
          null,
          null,
          null,
          1,
          65492,
          65492,
          65492,
          65492,
          65492,
          65492,
          65492,
          null,
          null,
          1,
          167,
          null,
          null
        ]
      },
      "/Users/tigo/Turing/1Module/projects/black_thursday/spec/invoice_item_repository_spec.rb": {
        "lines": [
          1,
          1,
          1,
          null,
          null,
          1,
          1,
          1,
          null,
          1,
          1,
          null,
          null,
          1,
          1,
          null,
          null,
          1,
          1,
          null,
          null,
          1,
          1,
          1,
          null,
          null,
          1,
          1,
          1,
          null,
          null,
          1,
          1,
          1,
          1,
          null,
          null,
          1,
          null,
          1,
          null,
          null,
          null,
          null,
          null,
          1,
          null,
          1,
          1,
          1,
          1,
          1,
          1,
          1,
          null,
          null,
          1,
          1,
          1,
          null,
          null,
          1,
          null,
          null,
          null,
          null,
          1,
          null,
          1,
          1,
          1,
          null,
          null,
          1,
          1,
          1,
          1,
          null,
          null
        ]
      },
      "/Users/tigo/Turing/1Module/projects/black_thursday/lib/invoice_item_repository.rb": {
        "lines": [
          1,
          1,
          1,
          1,
          null,
          1,
          null,
          1,
          1,
          null,
          null,
          1,
          3,
          3,
          3,
          null,
          null,
          1,
          12,
          65572,
          null,
          null,
          null,
          1,
          3,
          65490,
          null,
          null,
          null,
          1,
          31,
          676730,
          null,
          null,
          null,
          1,
          1,
          1,
          1,
          null,
          1,
          null,
          null,
          null,
          1,
          1,
          1,
          1,
          1,
          null,
          null,
          null,
          1,
          null,
          1,
          3,
          65490,
          null,
          null,
          null,
          null,
          null,
          null,
          null,
          null,
          null,
          null,
          null,
          null
        ]
      },
      "/Users/tigo/Turing/1Module/projects/black_thursday/spec/sales_engine_spec.rb": {
        "lines": [
          1,
          1,
          1,
          1,
          1,
          1,
          1,
          1,
          null,
          1,
          null,
          1,
          null,
          null,
          null,
          null,
          null,
          null,
          null,
          1,
          1,
          null,
          null,
          1,
          1,
          null,
          null,
          1,
          1,
          null,
          null,
          1,
          1,
          null,
          null
        ]
      },
      "/Users/tigo/Turing/1Module/projects/black_thursday/lib/sales_engine.rb": {
        "lines": [
          1,
          1,
          null,
          null,
          null,
          null,
          null,
          null,
          null,
          1,
          2,
          2,
          2,
          2,
          2,
          2,
          2,
          2,
          null,
          null,
          1,
          2,
          null,
          null,
          null,
          null,
          null,
          null,
          null,
          null
        ]
      },
      "/Users/tigo/Turing/1Module/projects/black_thursday/lib/transaction_repository.rb": {
        "lines": [
          1,
          1,
          1,
          1,
          1,
          null,
          1,
          null,
          1,
          11,
          11,
          11,
          null,
          null,
          1,
          15,
          12161,
          null,
          null,
          null,
          1,
          3,
          14955,
          null,
          null,
          null,
          1,
          2,
          9970,
          null,
          null,
          null,
          1,
          4,
          19940,
          null,
          null,
          null,
          1,
          1,
          1,
          1,
          null,
          null,
          null,
          null,
          null,
          null,
          null,
          1,
          null,
          null,
          1,
          1,
          1,
          1,
          1,
          1,
          null,
          null,
          null,
          1,
          1,
          1,
          null,
          null,
          1,
          null,
          1,
          11,
          54835,
          null,
          null,
          null,
          null,
          null,
          null,
          null,
          null,
          null
        ]
      },
      "/Users/tigo/Turing/1Module/projects/black_thursday/lib/transaction.rb": {
        "lines": [
          1,
          1,
          null,
          null,
          null,
          1,
          null,
          null,
          null,
          null,
          1,
          54837,
          54837,
          54837,
          54837,
          54837,
          54837,
          54837,
          null,
          null
        ]
      },
      "/Users/tigo/Turing/1Module/projects/black_thursday/lib/customer_repository.rb": {
        "lines": [
          1,
          1,
          1,
          null,
          1,
          1,
          null,
          1,
          null,
          null,
          1,
          3,
          3,
          3,
          null,
          null,
          1,
          7,
          6794,
          null,
          null,
          null,
          1,
          2,
          2000,
          null,
          null,
          null,
          1,
          2,
          2000,
          null,
          null,
          null,
          1,
          1,
          1,
          1,
          null,
          null,
          null,
          null,
          null,
          null,
          1,
          null,
          null,
          1,
          1,
          1,
          1,
          1,
          1,
          null,
          null,
          null,
          1,
          1,
          1,
          null,
          null,
          1,
          null,
          1,
          3,
          3000,
          null,
          null,
          null,
          null,
          null,
          null,
          null,
          null,
          null
        ]
      },
      "/Users/tigo/Turing/1Module/projects/black_thursday/lib/customer.rb": {
        "lines": [
          null,
          1,
          1,
          null,
          null,
          1,
          null,
          null,
          null,
          1,
          3002,
          3002,
          3002,
          3002,
          3002,
          null,
          null
        ]
      },
      "/Users/tigo/Turing/1Module/projects/black_thursday/lib/sales_analyst.rb": {
        "lines": [
          1,
          1,
          1,
          1,
          1,
          1,
          1,
          null,
          1,
          1,
          1,
          null,
          1,
          1,
          null,
          1,
          4,
          4,
          4,
          4,
          4,
          4,
          null,
          null,
          1,
          6,
          6,
          null,
          null,
          1,
          7,
          9576,
          7,
          9569,
          null,
          7,
          null,
          null,
          1,
          3,
          3,
          1428,
          3,
          3,
          null,
          null,
          1,
          2,
          2,
          2,
          2,
          950,
          null,
          2,
          null,
          null,
          1,
          2736,
          2736,
          17958,
          null,
          2736,
          null,
          null,
          1,
          2,
          2736,
          2,
          2734,
          null,
          2,
          null,
          null,
          1,
          1133000,
          2401,
          2401,
          null,
          null,
          1,
          1368,
          1,
          1,
          1,
          1,
          1368,
          null,
          null,
          1,
          4754,
          null,
          null,
          1,
          2377,
          2377,
          2377,
          null,
          null,
          1,
          2382,
          11876652,
          2382,
          11874270,
          null,
          2382,
          null,
          null,
          1,
          2376,
          2376,
          2376,
          2376,
          null,
          null,
          1,
          5,
          5,
          2375,
          null,
          5,
          null,
          null,
          1,
          1,
          1,
          475,
          null,
          1,
          null,
          null,
          1,
          1,
          1,
          475,
          null,
          1,
          null,
          null,
          1,
          1,
          1,
          7,
          null,
          1,
          null,
          null,
          1,
          568291,
          568291,
          568291,
          568291,
          null,
          null,
          1,
          114,
          568404,
          114,
          568290,
          null,
          114,
          null,
          null,
          1,
          44,
          null,
          null,
          1,
          22,
          22,
          22,
          null,
          null,
          1,
          3,
          3,
          21,
          null,
          3,
          null,
          null,
          1,
          21,
          21,
          21,
          21,
          null,
          null,
          1,
          3,
          3,
          null,
          null,
          1,
          6,
          6,
          29910,
          null,
          6,
          null,
          null,
          1,
          6,
          6,
          29910,
          null,
          6,
          null,
          null,
          1,
          1,
          1,
          1,
          null,
          0,
          null,
          null,
          null,
          1,
          1,
          1,
          1,
          8,
          null,
          1,
          null,
          null,
          1,
          2,
          2,
          43660,
          null,
          2,
          2,
          null,
          2,
          null,
          null,
          1,
          0,
          0,
          null,
          null,
          1,
          30,
          30,
          159,
          null,
          null,
          1,
          0,
          0,
          0,
          null,
          0,
          null,
          null,
          1,
          2,
          2,
          1656,
          2,
          9970,
          null,
          2,
          null,
          null,
          1,
          2,
          2,
          950,
          null,
          2,
          null,
          null,
          1,
          0,
          0,
          0,
          0,
          null,
          null,
          0,
          null,
          null,
          1,
          0,
          0,
          null,
          null,
          1,
          1,
          1,
          1,
          1,
          null,
          16,
          null,
          null,
          null
        ]
      },
      "/Users/tigo/Turing/1Module/projects/black_thursday/spec/sales_analyst_spec.rb": {
        "lines": [
          1,
          1,
          1,
          1,
          1,
          1,
          1,
          1,
          null,
          1,
          null,
          1,
          null,
          null,
          null,
          null,
          null,
          null,
          null,
          1,
          null,
          1,
          1,
          null,
          null,
          1,
          1,
          null,
          null,
          1,
          1,
          null,
          null,
          1,
          1,
          null,
          1,
          null,
          null,
          1,
          1,
          1,
          null,
          null,
          1,
          1,
          1,
          null,
          null,
          1,
          1,
          null,
          null,
          1,
          1,
          null,
          null,
          1,
          1,
          null,
          null,
          1,
          1,
          null,
          null,
          1,
          1,
          null,
          null,
          1,
          1,
          1,
          1,
          null,
          null,
          1,
          1,
          null,
          null,
          1,
          1,
          null,
          null,
          1,
          1,
          null,
          null,
          1,
          1,
          null,
          null,
          1,
          1,
          null,
          null,
          1,
          1,
          null,
          null,
          1,
          1,
          null,
          null,
          1,
          1,
          1,
          null,
          null,
          1,
          1,
          1,
          1,
          null,
          null,
          1,
          1,
          null,
          null,
          1,
          1,
          null,
          null,
          1,
          1,
          1,
          null,
          null,
          1,
          1,
          null,
          null,
          null,
          null,
          1,
          null,
          1,
          1,
          null,
          null,
          1,
          1,
          1,
          null,
          null,
          1,
          0,
          null,
          null,
          1,
          1,
          1,
          null,
          null,
          1,
          1,
          null,
          null
        ]
      },
      "/Users/tigo/Turing/1Module/projects/black_thursday/spec/customer_spec.rb": {
        "lines": [
          1,
          1,
          null,
          1,
          1,
          null,
          null,
          null,
          null,
          null,
          null,
          null,
          1,
          1,
          null,
          null,
          1,
          1,
          null,
          null,
          1,
          1,
          null,
          null,
          1,
          1,
          null,
          null,
          1,
          1,
          null,
          null,
          1,
          1,
          null,
          null
        ]
      },
      "/Users/tigo/Turing/1Module/projects/black_thursday/spec/customer_repository_spec.rb": {
        "lines": [
          1,
          1,
          1,
          1,
          1,
          null,
          1,
          1,
          1,
          null,
          1,
          1,
          null,
          null,
          1,
          1,
          null,
          null,
          1,
          1,
          1,
          null,
          null,
          1,
          1,
          1,
          null,
          null,
          1,
          1,
          1,
          null,
          null,
          1,
          1,
          1,
          null,
          null,
          1,
          1,
          1,
          null,
          null,
          1,
          1,
          1,
          1,
          null,
          null
        ]
      },
      "/Users/tigo/Turing/1Module/projects/black_thursday/spec/transaction_spec.rb": {
        "lines": [
          1,
          1,
          1,
          null,
          1,
          1,
          null,
          null,
          null,
          null,
          null,
          null,
          1,
          null,
          1,
          1,
          null,
          null,
          1,
          1,
          1,
          1,
          1,
          1,
          null,
          null
        ]
      },
      "/Users/tigo/Turing/1Module/projects/black_thursday/spec/transaction_repository_spec.rb": {
        "lines": [
          1,
          1,
          1,
          1,
          1,
          1,
          1,
          1,
          1,
          null,
          1,
          null,
          1,
          1,
          1,
          null,
          null,
          1,
          1,
          1,
          null,
          null,
          1,
          1,
          1,
          null,
          null,
          1,
          1,
          1,
          1,
          1,
          null,
          null,
          1,
          1,
          1,
          1,
          null,
          null,
          1,
          1,
          1,
          1,
          null,
          null,
          null,
          1,
          1,
          1,
          null,
          null,
          null,
          null,
          null,
          null,
          1,
          1,
          1,
          1,
          1,
          null,
          null,
          null,
          1,
          1,
          1,
          1,
          1,
          1,
          null,
          1,
          null,
          null,
          null,
          null,
          null,
          1,
          1,
          1,
          1,
          null,
          null,
          1,
          1,
          1,
          null,
          1,
          1,
          null,
          null
        ]
      }
    },
    "timestamp": 1654737129
  }
}
